<?xml version="1.0" encoding="UTF-8"?>
<!-- Generated by org.testng.reporters.JUnitReportReporter -->
<testsuite hostname="DESKTOP-L37KK2L" name="TestPage.LoginPageTest" tests="1" failures="0" timestamp="23 Oct 2019 13:35:22 GMT" time="9.568" errors="0">
  <testcase name="ConfigPropLogin" time="9.568" classname="TestPage.LoginPageTest"/>
</testsuite> <!-- TestPage.LoginPageTest -->
